#
# There is insufficient memory for the Java Runtime Environment to continue.
# Native memory allocation (malloc) failed to allocate 1571824 bytes for Chunk::new
# Possible reasons:
#   The system is out of physical RAM or swap space
#   The process is running with CompressedOops enabled, and the Java Heap may be blocking the growth of the native heap
# Possible solutions:
#   Reduce memory load on the system
#   Increase physical memory or swap space
#   Check if swap backing store is full
#   Decrease Java heap size (-Xmx/-Xms)
#   Decrease number of Java threads
#   Decrease Java thread stack sizes (-Xss)
#   Set larger code cache with -XX:ReservedCodeCacheSize=
#   JVM is running with Unscaled Compressed Oops mode in which the Java heap is
#     placed in the first 4GB address space. The Java Heap base address is the
#     maximum limit for the native heap growth. Please use -XX:HeapBaseMinAddress
#     to set the Java Heap base and to place the Java Heap above 4GB virtual address.
# This output file may be truncated or incomplete.
#
#  Out of Memory Error (allocation.cpp:389), pid=4948, tid=0x000000000000155c
#
# JRE version: OpenJDK Runtime Environment (8.0_202-b03) (build 1.8.0_202-release-1483-b03)
# Java VM: OpenJDK 64-Bit Server VM (25.202-b03 mixed mode windows-amd64 compressed oops)
# Failed to write core dump. Minidumps are not enabled by default on client versions of Windows
#

---------------  T H R E A D  ---------------

Current thread (0x0000000018858800):  JavaThread "C2 CompilerThread0" daemon [_thread_in_native, id=5468, stack(0x0000000019020000,0x0000000019120000)]

Stack: [0x0000000019020000,0x0000000019120000]
[error occurred during error reporting (printing stack bounds), id 0xc0000005]

Native frames: (J=compiled Java code, j=interpreted, Vv=VM code, C=native code)


Current CompileTask:
C2: 336040 21240       4       org.jetbrains.org.objectweb.asm.ClassReader::readMethod (1047 bytes)


---------------  P R O C E S S  ---------------

Java Threads: ( => current thread )
  0x0000000019997000 JavaThread "Cache worker for Java compile cache (E:\wz\kktools\.gradle\5.4.1\javaCompile)" [_thread_blocked, id=4124, stack(0x000000002d390000,0x000000002d490000)]
  0x0000000019995800 JavaThread "Cache worker for Java compile cache (C:\Users\wz\.gradle\caches\5.4.1\javaCompile)" [_thread_blocked, id=11796, stack(0x000000002d290000,0x000000002d390000)]
  0x0000000019996000 JavaThread "Cache worker for execution history cache (E:\wz\kktools\.gradle\5.4.1\executionHistory)" [_thread_blocked, id=10616, stack(0x000000002d190000,0x000000002d290000)]
  0x000000001999a000 JavaThread "Execution worker for ':' Thread 7" [_thread_blocked, id=4332, stack(0x000000002d090000,0x000000002d190000)]
  0x0000000019999000 JavaThread "Execution worker for ':' Thread 6" [_thread_blocked, id=6608, stack(0x000000002cf90000,0x000000002d090000)]
  0x000000001a92c800 JavaThread "Execution worker for ':' Thread 5" [_thread_in_vm, id=9124, stack(0x000000002ce90000,0x000000002cf90000)]
  0x0000000020789800 JavaThread "Execution worker for ':' Thread 4" [_thread_blocked, id=13016, stack(0x000000002cd90000,0x000000002ce90000)]
  0x0000000020789000 JavaThread "Execution worker for ':' Thread 3" [_thread_blocked, id=6516, stack(0x000000002cc90000,0x000000002cd90000)]
  0x000000002078c000 JavaThread "Execution worker for ':' Thread 2" [_thread_blocked, id=5916, stack(0x000000002cb90000,0x000000002cc90000)]
  0x0000000020788000 JavaThread "Execution worker for ':'" [_thread_blocked, id=13688, stack(0x000000002ca90000,0x000000002cb90000)]
  0x0000000020787800 JavaThread "Cache worker for file content cache (E:\wz\kktools\.gradle\5.4.1\fileContent)" [_thread_blocked, id=15048, stack(0x000000002c990000,0x000000002ca90000)]
  0x0000000020782000 JavaThread "Cache worker for file content cache (C:\Users\wz\.gradle\caches\5.4.1\fileContent)" [_thread_blocked, id=8776, stack(0x000000002c890000,0x000000002c990000)]
  0x0000000020786000 JavaThread "Cache worker for Build Output Cleanup Cache (E:\wz\kktools\.gradle\buildOutputCleanup)" [_thread_blocked, id=13580, stack(0x000000002c790000,0x000000002c890000)]
  0x000000002077e800 JavaThread "pool-4-thread-1" [_thread_blocked, id=16184, stack(0x000000002c690000,0x000000002c790000)]
  0x0000000026e0c000 JavaThread "Build operations Thread 8" [_thread_blocked, id=16232, stack(0x000000002c590000,0x000000002c690000)]
  0x0000000026e0e000 JavaThread "Build operations Thread 7" [_thread_blocked, id=7412, stack(0x000000002c490000,0x000000002c590000)]
  0x0000000026e0c800 JavaThread "Build operations Thread 6" [_thread_blocked, id=11296, stack(0x000000002c390000,0x000000002c490000)]
  0x0000000026e0d800 JavaThread "Build operations Thread 5" [_thread_blocked, id=4680, stack(0x000000002c290000,0x000000002c390000)]
  0x0000000026e0b000 JavaThread "Build operations Thread 4" [_thread_blocked, id=1344, stack(0x000000002c190000,0x000000002c290000)]
  0x0000000026e09800 JavaThread "Build operations Thread 3" [_thread_blocked, id=10904, stack(0x000000002c090000,0x000000002c190000)]
  0x0000000026e0f000 JavaThread "Build operations Thread 2" [_thread_blocked, id=8792, stack(0x000000002bf90000,0x000000002c090000)]
  0x0000000026e09000 JavaThread "Build operations" [_thread_blocked, id=7944, stack(0x000000002be90000,0x000000002bf90000)]
  0x0000000026e01800 JavaThread "Cache worker for cache directory md-rule (C:\Users\wz\.gradle\caches\5.4.1\md-rule)" [_thread_blocked, id=14420, stack(0x000000002bd90000,0x000000002be90000)]
  0x0000000026e07800 JavaThread "Cache worker for cache directory md-supplier (C:\Users\wz\.gradle\caches\5.4.1\md-supplier)" [_thread_blocked, id=10004, stack(0x000000002bc90000,0x000000002bd90000)]
  0x0000000026e06800 JavaThread "Cache worker for file hash cache (E:\wz\kktools\.gradle\5.4.1\fileHashes)" [_thread_blocked, id=3132, stack(0x000000002bb90000,0x000000002bc90000)]
  0x0000000026e06000 JavaThread "Thread-88" [_thread_blocked, id=14616, stack(0x000000002ba90000,0x000000002bb90000)]
  0x0000000026e08000 JavaThread "Stdin handler" [_thread_blocked, id=1232, stack(0x000000002b990000,0x000000002ba90000)]
  0x0000000026e03000 JavaThread "Asynchronous log dispatcher for DefaultDaemonConnection: socket connection from /127.0.0.1:62977 to /127.0.0.1:63175" [_thread_blocked, id=4992, stack(0x000000002b890000,0x000000002b990000)]
  0x0000000026e00000 JavaThread "Cancel handler" [_thread_blocked, id=8228, stack(0x000000002b790000,0x000000002b890000)]
  0x0000000026e04800 JavaThread "Handler for socket connection from /127.0.0.1:62977 to /127.0.0.1:63175" [_thread_in_native, id=6596, stack(0x000000002b690000,0x000000002b790000)]
  0x0000000026e00800 JavaThread "Daemon worker Thread 2" [_thread_blocked, id=10028, stack(0x0000000028390000,0x0000000028490000)]
  0x0000000026e03800 JavaThread "Daemon Thread 2" [_thread_blocked, id=4128, stack(0x0000000028090000,0x0000000028190000)]
  0x000000002078b000 JavaThread "Memory manager" [_thread_blocked, id=7380, stack(0x0000000023d80000,0x0000000023e80000)]
  0x000000002077f000 JavaThread "Cache worker for execution history cache (C:\Users\wz\.gradle\caches\5.4.1\executionHistory)" [_thread_blocked, id=1896, stack(0x00000000216b0000,0x00000000217b0000)]
  0x000000001a931800 JavaThread "Cache worker for journal cache (C:\Users\wz\.gradle\caches\journal-1)" [_thread_blocked, id=11784, stack(0x000000001cf70000,0x000000001d070000)]
  0x000000001a92e000 JavaThread "File lock request listener" [_thread_in_native, id=1612, stack(0x000000001ce70000,0x000000001cf70000)]
  0x000000001a99d800 JavaThread "Cache worker for file hash cache (C:\Users\wz\.gradle\caches\5.4.1\fileHashes)" [_thread_blocked, id=3528, stack(0x000000001cd70000,0x000000001ce70000)]
  0x000000001abea000 JavaThread "Daemon periodic checks" [_thread_blocked, id=5544, stack(0x000000001b2a0000,0x000000001b3a0000)]
  0x000000001abd8000 JavaThread "Incoming local TCP Connector on port 62977" [_thread_in_native, id=15188, stack(0x000000001b0f0000,0x000000001b1f0000)]
  0x000000001abfa800 JavaThread "Daemon health stats" [_thread_blocked, id=2576, stack(0x000000001adf0000,0x000000001aef0000)]
  0x0000000018948800 JavaThread "Service Thread" daemon [_thread_blocked, id=7672, stack(0x0000000019420000,0x0000000019520000)]
  0x00000000188c7000 JavaThread "C1 CompilerThread3" daemon [_thread_in_native, id=700, stack(0x0000000019320000,0x0000000019420000)]
  0x00000000188bf000 JavaThread "C2 CompilerThread2" daemon [_thread_in_native, id=12108, stack(0x0000000019220000,0x0000000019320000)]
  0x00000000188be000 JavaThread "C2 CompilerThread1" daemon [_thread_in_native, id=5744, stack(0x0000000019120000,0x0000000019220000)]
=>0x0000000018858800 JavaThread "C2 CompilerThread0" daemon [_thread_in_native, id=5468, stack(0x0000000019020000,0x0000000019120000)]
  0x0000000018857800 JavaThread "Attach Listener" daemon [_thread_blocked, id=5756, stack(0x0000000018f20000,0x0000000019020000)]
  0x00000000188b0000 JavaThread "Signal Dispatcher" daemon [_thread_blocked, id=3872, stack(0x0000000018e20000,0x0000000018f20000)]
  0x0000000018841000 JavaThread "Finalizer" daemon [_thread_blocked, id=7788, stack(0x0000000018d20000,0x0000000018e20000)]
  0x0000000018840800 JavaThread "Reference Handler" daemon [_thread_blocked, id=11704, stack(0x0000000018c20000,0x0000000018d20000)]
  0x0000000002b82800 JavaThread "main" [_thread_blocked, id=7268, stack(0x0000000002a80000,0x0000000002b80000)]

Other Threads:
  0x0000000016a38800 VMThread [stack: 0x0000000018720000,0x0000000018820000] [id=16052]
  0x0000000018949000 WatcherThread [stack: 0x0000000019520000,0x0000000019620000] [id=4156]

VM state:not at safepoint (normal execution)

VM Mutex/Monitor currently owned by a thread:  ([mutex/lock_event])
[0x0000000000f6c9d0] CodeCache_lock - owner thread: 0x00000000188c7000
[0x0000000002b800d0] Compile_lock - owner thread: 0x00000000188c7000
[0x0000000002b81950] MethodCompileQueue_lock - owner thread: 0x00000000188c7000

heap address: 0x00000000a0000000, size: 1536 MB, Compressed Oops mode: 32-bit
Narrow klass base: 0x0000000000000000, Narrow klass shift: 3
Compressed class space size: 1073741824 Address: 0x0000000100000000

Heap:
 PSYoungGen      total 408064K, used 189084K [0x00000000e0000000, 0x0000000100000000, 0x0000000100000000)
  eden space 316928K, 59% used [0x00000000e0000000,0x00000000eb8a7270,0x00000000f3580000)
  from space 91136K, 0% used [0x00000000f3580000,0x00000000f3580000,0x00000000f8e80000)
  to   space 86016K, 0% used [0x00000000fac00000,0x00000000fac00000,0x0000000100000000)
 ParOldGen       total 396288K, used 99003K [0x00000000a0000000, 0x00000000b8300000, 0x00000000e0000000)
  object space 396288K, 24% used [0x00000000a0000000,0x00000000a60aecc0,0x00000000b8300000)
 Metaspace       used 116621K, capacity 120931K, committed 121176K, reserved 1155072K
  class space    used 14691K, capacity 15636K, committed 15744K, reserved 1048576K

Card table byte_map: [0x0000000012040000,0x0000000012350000] byte_map_base: 0x0000000011b40000

Marking Bits: (ParMarkBitMap*) 0x0000000057e69f30
 Begin Bits: [0x0000000012d50000, 0x0000000014550000)
 End Bits:   [0x0000000014550000, 0x0000000015d50000)

Polling page: 0x00000000005f0000

CodeCache: size=245760Kb used=59960Kb max_used=59960Kb free=185799Kb
 bounds [0x0000000002c80000, 0x0000000006760000, 0x0000000011c80000]
 total_blobs=17928 nmethods=17035 adapters=801
 compilation: enabled

Compilation events (10 events):
Event: 336.031 Thread 0x00000000188c7000 21636       3       com.intellij.lang.java.parser.FileParser::stopImportListParsing (55 bytes)
Event: 336.031 Thread 0x00000000188c7000 nmethod 21636 0x000000000674e450 code [0x000000000674e600, 0x000000000674eb88]
Event: 336.033 Thread 0x00000000188c7000 21638       3       com.intellij.psi.impl.source.tree.java.ImportStatementBaseElement::<init> (6 bytes)
Event: 336.034 Thread 0x00000000188c7000 nmethod 21638 0x0000000006745b50 code [0x0000000006745d00, 0x0000000006746198]
Event: 336.034 Thread 0x00000000188c7000 21639       3       com.intellij.psi.impl.java.stubs.JavaStubElementTypes$13::createCompositeNode (16 bytes)
Event: 336.034 Thread 0x00000000188c7000 nmethod 21639 0x0000000006745210 code [0x00000000067453a0, 0x0000000006745890]
Event: 336.034 Thread 0x00000000188c7000 21640       3       com.intellij.psi.impl.source.tree.java.ImportStatementElement::<init> (8 bytes)
Event: 336.034 Thread 0x00000000188c7000 nmethod 21640 0x00000000067527d0 code [0x0000000006752960, 0x0000000006752d90]
Event: 336.038 Thread 0x00000000188c7000 21642       3       com.intellij.psi.impl.light.LightClassReference::advancedResolve (84 bytes)
Event: 336.039 Thread 0x00000000188c7000 nmethod 21642 0x0000000006752fd0 code [0x0000000006753200, 0x0000000006753e08]

GC Heap History (10 events):
Event: 325.792 GC heap before
{Heap before GC invocations=15 (full 3):
 PSYoungGen      total 289280K, used 289249K [0x00000000e0000000, 0x00000000f6700000, 0x0000000100000000)
  eden space 264704K, 100% used [0x00000000e0000000,0x00000000f0280000,0x00000000f0280000)
  from space 24576K, 99% used [0x00000000f0280000,0x00000000f1a78518,0x00000000f1a80000)
  to   space 31232K, 0% used [0x00000000f4880000,0x00000000f4880000,0x00000000f6700000)
 ParOldGen       total 229888K, used 49178K [0x00000000a0000000, 0x00000000ae080000, 0x00000000e0000000)
  object space 229888K, 21% used [0x00000000a0000000,0x00000000a3006b70,0x00000000ae080000)
 Metaspace       used 78131K, capacity 81534K, committed 81752K, reserved 1120256K
  class space    used 10081K, capacity 10830K, committed 10880K, reserved 1048576K
Event: 325.846 GC heap after
Heap after GC invocations=15 (full 3):
 PSYoungGen      total 312320K, used 31226K [0x00000000e0000000, 0x00000000fa400000, 0x0000000100000000)
  eden space 281088K, 0% used [0x00000000e0000000,0x00000000e0000000,0x00000000f1280000)
  from space 31232K, 99% used [0x00000000f4880000,0x00000000f66feae8,0x00000000f6700000)
  to   space 55296K, 0% used [0x00000000f1280000,0x00000000f1280000,0x00000000f4880000)
 ParOldGen       total 229888K, used 103259K [0x00000000a0000000, 0x00000000ae080000, 0x00000000e0000000)
  object space 229888K, 44% used [0x00000000a0000000,0x00000000a64d6fa8,0x00000000ae080000)
 Metaspace       used 78131K, capacity 81534K, committed 81752K, reserved 1120256K
  class space    used 10081K, capacity 10830K, committed 10880K, reserved 1048576K
}
Event: 328.666 GC heap before
{Heap before GC invocations=16 (full 3):
 PSYoungGen      total 312320K, used 312314K [0x00000000e0000000, 0x00000000fa400000, 0x0000000100000000)
  eden space 281088K, 100% used [0x00000000e0000000,0x00000000f1280000,0x00000000f1280000)
  from space 31232K, 99% used [0x00000000f4880000,0x00000000f66feae8,0x00000000f6700000)
  to   space 55296K, 0% used [0x00000000f1280000,0x00000000f1280000,0x00000000f4880000)
 ParOldGen       total 229888K, used 103259K [0x00000000a0000000, 0x00000000ae080000, 0x00000000e0000000)
  object space 229888K, 44% used [0x00000000a0000000,0x00000000a64d6fa8,0x00000000ae080000)
 Metaspace       used 80707K, capacity 84452K, committed 84696K, reserved 1122304K
  class space    used 10345K, capacity 11199K, committed 11264K, reserved 1048576K
Event: 328.706 GC heap after
Heap after GC invocations=16 (full 3):
 PSYoungGen      total 336384K, used 55272K [0x00000000e0000000, 0x00000000fd300000, 0x0000000100000000)
  eden space 281088K, 0% used [0x00000000e0000000,0x00000000e0000000,0x00000000f1280000)
  from space 55296K, 99% used [0x00000000f1280000,0x00000000f487a040,0x00000000f4880000)
  to   space 70144K, 0% used [0x00000000f8e80000,0x00000000f8e80000,0x00000000fd300000)
 ParOldGen       total 229888K, used 118860K [0x00000000a0000000, 0x00000000ae080000, 0x00000000e0000000)
  object space 229888K, 51% used [0x00000000a0000000,0x00000000a7413238,0x00000000ae080000)
 Metaspace       used 80707K, capacity 84452K, committed 84696K, reserved 1122304K
  class space    used 10345K, capacity 11199K, committed 11264K, reserved 1048576K
}
Event: 330.316 GC heap before
{Heap before GC invocations=17 (full 3):
 PSYoungGen      total 336384K, used 336360K [0x00000000e0000000, 0x00000000fd300000, 0x0000000100000000)
  eden space 281088K, 100% used [0x00000000e0000000,0x00000000f1280000,0x00000000f1280000)
  from space 55296K, 99% used [0x00000000f1280000,0x00000000f487a040,0x00000000f4880000)
  to   space 70144K, 0% used [0x00000000f8e80000,0x00000000f8e80000,0x00000000fd300000)
 ParOldGen       total 229888K, used 118860K [0x00000000a0000000, 0x00000000ae080000, 0x00000000e0000000)
  object space 229888K, 51% used [0x00000000a0000000,0x00000000a7413238,0x00000000ae080000)
 Metaspace       used 80863K, capacity 84596K, committed 84696K, reserved 1122304K
  class space    used 10346K, capacity 11201K, committed 11264K, reserved 1048576K
Event: 330.384 GC heap after
Heap after GC invocations=17 (full 3):
 PSYoungGen      total 387072K, used 70138K [0x00000000e0000000, 0x0000000100000000, 0x0000000100000000)
  eden space 316928K, 0% used [0x00000000e0000000,0x00000000e0000000,0x00000000f3580000)
  from space 70144K, 99% used [0x00000000f8e80000,0x00000000fd2fe9f8,0x00000000fd300000)
  to   space 91136K, 0% used [0x00000000f3580000,0x00000000f3580000,0x00000000f8e80000)
 ParOldGen       total 229888K, used 144486K [0x00000000a0000000, 0x00000000ae080000, 0x00000000e0000000)
  object space 229888K, 62% used [0x00000000a0000000,0x00000000a8d19ab0,0x00000000ae080000)
 Metaspace       used 80863K, capacity 84596K, committed 84696K, reserved 1122304K
  class space    used 10346K, capacity 11201K, committed 11264K, reserved 1048576K
}
Event: 332.838 GC heap before
{Heap before GC invocations=18 (full 3):
 PSYoungGen      total 387072K, used 314518K [0x00000000e0000000, 0x0000000100000000, 0x0000000100000000)
  eden space 316928K, 77% used [0x00000000e0000000,0x00000000eeea71c8,0x00000000f3580000)
  from space 70144K, 99% used [0x00000000f8e80000,0x00000000fd2fe9f8,0x00000000fd300000)
  to   space 91136K, 0% used [0x00000000f3580000,0x00000000f3580000,0x00000000f8e80000)
 ParOldGen       total 229888K, used 144486K [0x00000000a0000000, 0x00000000ae080000, 0x00000000e0000000)
  object space 229888K, 62% used [0x00000000a0000000,0x00000000a8d19ab0,0x00000000ae080000)
 Metaspace       used 94085K, capacity 98100K, committed 98264K, reserved 1134592K
  class space    used 11787K, capacity 12703K, committed 12800K, reserved 1048576K
Event: 332.875 GC heap after
Heap after GC invocations=18 (full 3):
 PSYoungGen      total 408064K, used 30567K [0x00000000e0000000, 0x0000000100000000, 0x0000000100000000)
  eden space 316928K, 0% used [0x00000000e0000000,0x00000000e0000000,0x00000000f3580000)
  from space 91136K, 33% used [0x00000000f3580000,0x00000000f5359d90,0x00000000f8e80000)
  to   space 86016K, 0% used [0x00000000fac00000,0x00000000fac00000,0x0000000100000000)
 ParOldGen       total 229888K, used 214242K [0x00000000a0000000, 0x00000000ae080000, 0x00000000e0000000)
  object space 229888K, 93% used [0x00000000a0000000,0x00000000ad138a60,0x00000000ae080000)
 Metaspace       used 94085K, capacity 98100K, committed 98264K, reserved 1134592K
  class space    used 11787K, capacity 12703K, committed 12800K, reserved 1048576K
}
Event: 332.875 GC heap before
{Heap before GC invocations=19 (full 4):
 PSYoungGen      total 408064K, used 30567K [0x00000000e0000000, 0x0000000100000000, 0x0000000100000000)
  eden space 316928K, 0% used [0x00000000e0000000,0x00000000e0000000,0x00000000f3580000)
  from space 91136K, 33% used [0x00000000f3580000,0x00000000f5359d90,0x00000000f8e80000)
  to   space 86016K, 0% used [0x00000000fac00000,0x00000000fac00000,0x0000000100000000)
 ParOldGen       total 229888K, used 214242K [0x00000000a0000000, 0x00000000ae080000, 0x00000000e0000000)
  object space 229888K, 93% used [0x00000000a0000000,0x00000000ad138a60,0x00000000ae080000)
 Metaspace       used 94085K, capacity 98100K, committed 98264K, reserved 1134592K
  class space    used 11787K, capacity 12703K, committed 12800K, reserved 1048576K
Event: 333.059 GC heap after
Heap after GC invocations=19 (full 4):
 PSYoungGen      total 408064K, used 0K [0x00000000e0000000, 0x0000000100000000, 0x0000000100000000)
  eden space 316928K, 0% used [0x00000000e0000000,0x00000000e0000000,0x00000000f3580000)
  from space 91136K, 0% used [0x00000000f3580000,0x00000000f3580000,0x00000000f8e80000)
  to   space 86016K, 0% used [0x00000000fac00000,0x00000000fac00000,0x0000000100000000)
 ParOldGen       total 396288K, used 99003K [0x00000000a0000000, 0x00000000b8300000, 0x00000000e0000000)
  object space 396288K, 24% used [0x00000000a0000000,0x00000000a60aecc0,0x00000000b8300000)
 Metaspace       used 92552K, capacity 96208K, committed 98264K, reserved 1134592K
  class space    used 11582K, capacity 12421K, committed 12800K, reserved 1048576K
}

Deoptimization events (10 events):
Event: 335.703 Thread 0x000000001a92c800 Uncommon trap: reason=class_check action=maybe_recompile pc=0x0000000006578ef4 method=com.intellij.psi.JavaRecursiveElementWalkingVisitor$1.elementFinished(Lcom/intellij/psi/PsiElement;)V @ 13
Event: 335.703 Thread 0x000000001a92c800 Uncommon trap: reason=class_check action=maybe_recompile pc=0x0000000006578ef4 method=com.intellij.psi.JavaRecursiveElementWalkingVisitor$1.elementFinished(Lcom/intellij/psi/PsiElement;)V @ 13
Event: 335.703 Thread 0x000000001a92c800 Uncommon trap: reason=class_check action=maybe_recompile pc=0x0000000006578ef4 method=com.intellij.psi.JavaRecursiveElementWalkingVisitor$1.elementFinished(Lcom/intellij/psi/PsiElement;)V @ 13
Event: 335.724 Thread 0x000000001a92c800 Uncommon trap: reason=null_check action=make_not_entrant pc=0x000000000625dbf8 method=com.intellij.psi.impl.compiled.StubBuildingVisitor$2.fun(Ljava/lang/String;)Ljava/lang/String; @ 21
Event: 335.724 Thread 0x000000001a92c800 Uncommon trap: reason=null_check action=make_not_entrant pc=0x00000000062c6b2c method=com.intellij.psi.impl.compiled.StubBuildingVisitor$2.fun(Ljava/lang/String;)Ljava/lang/String; @ 21
Event: 335.978 Thread 0x000000001a92c800 Uncommon trap: reason=predicate action=maybe_recompile pc=0x00000000066f2dbc method=com.intellij.extapi.psi.StubBasedPsiElementBase.getStubOrPsiChildren(Lcom/intellij/psi/stubs/IStubElementType;Lcom/intellij/util/ArrayFactory;)[Lcom/intellij/psi/PsiElemen
Event: 336.001 Thread 0x000000001a92c800 Uncommon trap: reason=array_check action=maybe_recompile pc=0x0000000006718ca0 method=com.intellij.extapi.psi.StubBasedPsiElementBase.getStubOrPsiChildren(Lcom/intellij/psi/stubs/IStubElementType;Lcom/intellij/util/ArrayFactory;)[Lcom/intellij/psi/PsiElem
Event: 336.001 Thread 0x000000001a92c800 Uncommon trap: reason=array_check action=maybe_recompile pc=0x0000000006718ca0 method=com.intellij.extapi.psi.StubBasedPsiElementBase.getStubOrPsiChildren(Lcom/intellij/psi/stubs/IStubElementType;Lcom/intellij/util/ArrayFactory;)[Lcom/intellij/psi/PsiElem
Event: 336.001 Thread 0x000000001a92c800 Uncommon trap: reason=array_check action=maybe_recompile pc=0x0000000006718ca0 method=com.intellij.extapi.psi.StubBasedPsiElementBase.getStubOrPsiChildren(Lcom/intellij/psi/stubs/IStubElementType;Lcom/intellij/util/ArrayFactory;)[Lcom/intellij/psi/PsiElem
Event: 336.001 Thread 0x000000001a92c800 Uncommon trap: reason=array_check action=maybe_recompile pc=0x0000000006718ca0 method=com.intellij.extapi.psi.StubBasedPsiElementBase.getStubOrPsiChildren(Lcom/intellij/psi/stubs/IStubElementType;Lcom/intellij/util/ArrayFactory;)[Lcom/intellij/psi/PsiElem

Classes redefined (0 events):
No events

Internal exceptions (10 events):
Event: 334.199 Thread 0x000000001a92c800 Exception <a 'java/lang/NoSuchMethodError': java.lang.Object.lambda$static$0(I)[Lcom/intellij/psi/PsiStatement;> (0x00000000e4b4a988) thrown at [D:\src\AOSP-openjdk-cygwin\jdk8u\hotspot\src\share\vm\interpreter\linkResolver.cpp, line 620]
Event: 334.245 Thread 0x000000001a92c800 Exception <a 'java/lang/NoSuchMethodError': java.lang.Object.lambda$static$0(I)[Lcom/intellij/psi/PsiTypeParameter;> (0x00000000e4d1a200) thrown at [D:\src\AOSP-openjdk-cygwin\jdk8u\hotspot\src\share\vm\interpreter\linkResolver.cpp, line 620]
Event: 334.275 Thread 0x000000001a92c800 Exception <a 'java/lang/NoSuchMethodError': java.lang.Object.lambda$static$0(I)[Lcom/intellij/psi/PsiNameValuePair;> (0x00000000e4eb4108) thrown at [D:\src\AOSP-openjdk-cygwin\jdk8u\hotspot\src\share\vm\interpreter\linkResolver.cpp, line 620]
Event: 334.288 Thread 0x000000001a92c800 Exception <a 'java/lang/NoSuchMethodError': java.lang.Object.lambda$static$0(I)[Lcom/intellij/psi/PsiCatchSection;> (0x00000000e4f643f0) thrown at [D:\src\AOSP-openjdk-cygwin\jdk8u\hotspot\src\share\vm\interpreter\linkResolver.cpp, line 620]
Event: 334.366 Thread 0x000000001a92c800 Implicit null exception at 0x0000000005cfb590 to 0x0000000005cfb655
Event: 334.700 Thread 0x000000001a92c800 Exception <a 'java/lang/NoSuchMethodError': java.lang.Object.lambda$static$0(Lcom/intellij/psi/PsiType;Lcom/intellij/psi/PsiType;ZI)Z> (0x00000000e66b80d8) thrown at [D:\src\AOSP-openjdk-cygwin\jdk8u\hotspot\src\share\vm\interpreter\linkResolver.cpp, line
Event: 334.996 Thread 0x000000001a92c800 Exception <a 'java/lang/NoSuchMethodError': java.lang.Object.lambda$static$0(I)[Lcom/intellij/psi/PsiAnnotationMemberValue;> (0x00000000e7a5c488) thrown at [D:\src\AOSP-openjdk-cygwin\jdk8u\hotspot\src\share\vm\interpreter\linkResolver.cpp, line 620]
Event: 335.529 Thread 0x000000001a92c800 Implicit null exception at 0x0000000005d153cc to 0x0000000005d154b9
Event: 335.724 Thread 0x000000001a92c800 Implicit null exception at 0x0000000006259fd4 to 0x000000000625dbe5
Event: 335.724 Thread 0x000000001a92c800 Implicit null exception at 0x00000000062c379d to 0x00000000062c6b17

Events (10 events):
Event: 336.001 Thread 0x000000001a92c800 DEOPT UNPACKING pc=0x0000000002cc557b sp=0x000000002cf88d90 mode 2
Event: 336.001 Thread 0x000000001a92c800 Uncommon trap: trap_request=0xffffffd6 fr.pc=0x0000000006718ca0
Event: 336.001 Thread 0x000000001a92c800 DEOPT PACKING pc=0x0000000006718ca0 sp=0x000000002cf88f40
Event: 336.001 Thread 0x000000001a92c800 DEOPT UNPACKING pc=0x0000000002cc557b sp=0x000000002cf88f00 mode 2
Event: 336.001 Thread 0x000000001a92c800 Uncommon trap: trap_request=0xffffffd6 fr.pc=0x0000000006718ca0
Event: 336.001 Thread 0x000000001a92c800 DEOPT PACKING pc=0x0000000006718ca0 sp=0x000000002cf88dc0
Event: 336.001 Thread 0x000000001a92c800 DEOPT UNPACKING pc=0x0000000002cc557b sp=0x000000002cf88d80 mode 2
Event: 336.001 Thread 0x000000001a92c800 Uncommon trap: trap_request=0xffffffd6 fr.pc=0x0000000006718ca0
Event: 336.001 Thread 0x000000001a92c800 DEOPT PACKING pc=0x0000000006718ca0 sp=0x000000002cf88fe0
Event: 336.001 Thread 0x000000001a92c800 DEOPT UNPACKING pc=0x0000000002cc557b sp=0x000000002cf88fa0 mode 2


Dynamic libraries:
0x00007ff7e6a60000 - 0x00007ff7e6a91000 	D:\gongzuotool\android-studio35-new\jre\bin\java.exe
0x00007ffae9ce0000 - 0x00007ffae9ecd000 	C:\WINDOWS\SYSTEM32\ntdll.dll
0x00007ffae8520000 - 0x00007ffae85d3000 	C:\WINDOWS\System32\KERNEL32.DLL
0x00007ffae6870000 - 0x00007ffae6b03000 	C:\WINDOWS\System32\KERNELBASE.dll
0x00007ffae7c50000 - 0x00007ffae7cf3000 	C:\WINDOWS\System32\ADVAPI32.dll
0x00007ffae6fc0000 - 0x00007ffae705e000 	C:\WINDOWS\System32\msvcrt.dll
0x00007ffae7610000 - 0x00007ffae76ae000 	C:\WINDOWS\System32\sechost.dll
0x00007ffae7e00000 - 0x00007ffae7f22000 	C:\WINDOWS\System32\RPCRT4.dll
0x00007ffae76c0000 - 0x00007ffae7857000 	C:\WINDOWS\System32\USER32.dll
0x00007ffae65b0000 - 0x00007ffae65d0000 	C:\WINDOWS\System32\win32u.dll
0x00007ffae7dd0000 - 0x00007ffae7df9000 	C:\WINDOWS\System32\GDI32.dll
0x00007ffae65d0000 - 0x00007ffae6769000 	C:\WINDOWS\System32\gdi32full.dll
0x00007ffae5da0000 - 0x00007ffae5e40000 	C:\WINDOWS\System32\msvcp_win.dll
0x00007ffae6770000 - 0x00007ffae686a000 	C:\WINDOWS\System32\ucrtbase.dll
0x00007ffadb280000 - 0x00007ffadb4f9000 	C:\WINDOWS\WinSxS\amd64_microsoft.windows.common-controls_6595b64144ccf1df_6.0.17763.1098_none_de762ed45346ee8a\COMCTL32.dll
0x00007ffae78c0000 - 0x00007ffae7bec000 	C:\WINDOWS\System32\combase.dll
0x00007ffae6b10000 - 0x00007ffae6b8e000 	C:\WINDOWS\System32\bcryptPrimitives.dll
0x00007ffae85e0000 - 0x00007ffae860e000 	C:\WINDOWS\System32\IMM32.DLL
0x00000000574e0000 - 0x00000000575b2000 	D:\gongzuotool\android-studio35-new\jre\jre\bin\msvcr100.dll
0x00000000576a0000 - 0x0000000057ee6000 	D:\gongzuotool\android-studio35-new\jre\jre\bin\server\jvm.dll
0x00007ffae8610000 - 0x00007ffae8618000 	C:\WINDOWS\System32\PSAPI.DLL
0x00007ffae2210000 - 0x00007ffae221a000 	C:\WINDOWS\SYSTEM32\VERSION.dll
0x00007ffadb1e0000 - 0x00007ffadb204000 	C:\WINDOWS\SYSTEM32\WINMM.dll
0x00007ffadc570000 - 0x00007ffadc579000 	C:\WINDOWS\SYSTEM32\WSOCK32.dll
0x00007ffae8090000 - 0x00007ffae80fd000 	C:\WINDOWS\System32\WS2_32.dll
0x00007ffadb100000 - 0x00007ffadb12d000 	C:\WINDOWS\SYSTEM32\winmmbase.dll
0x00007ffae6bc0000 - 0x00007ffae6c0a000 	C:\WINDOWS\System32\cfgmgr32.dll
0x00007ffae1d70000 - 0x00007ffae1d7f000 	D:\gongzuotool\android-studio35-new\jre\jre\bin\verify.dll
0x00007ffae0b80000 - 0x00007ffae0ba9000 	D:\gongzuotool\android-studio35-new\jre\jre\bin\java.dll
0x00007ffae0150000 - 0x00007ffae0166000 	D:\gongzuotool\android-studio35-new\jre\jre\bin\zip.dll
0x00007ffae8620000 - 0x00007ffae9b14000 	C:\WINDOWS\System32\SHELL32.dll
0x00007ffae8110000 - 0x00007ffae81b8000 	C:\WINDOWS\System32\shcore.dll
0x00007ffae5e40000 - 0x00007ffae658d000 	C:\WINDOWS\System32\windows.storage.dll
0x00007ffae5d50000 - 0x00007ffae5d74000 	C:\WINDOWS\System32\profapi.dll
0x00007ffae5cf0000 - 0x00007ffae5d4d000 	C:\WINDOWS\System32\powrprof.dll
0x00007ffae6f60000 - 0x00007ffae6fb2000 	C:\WINDOWS\System32\shlwapi.dll
0x00007ffae5cd0000 - 0x00007ffae5ce1000 	C:\WINDOWS\System32\kernel.appcore.dll
0x00007ffae6590000 - 0x00007ffae65a7000 	C:\WINDOWS\System32\cryptsp.dll
0x00007ffad8390000 - 0x00007ffad83aa000 	D:\gongzuotool\android-studio35-new\jre\jre\bin\net.dll
0x00007ffae54b0000 - 0x00007ffae5517000 	C:\WINDOWS\system32\mswsock.dll
0x00007ffad8370000 - 0x00007ffad8381000 	D:\gongzuotool\android-studio35-new\jre\jre\bin\nio.dll
0x00007ffad1800000 - 0x00007ffad1826000 	C:\Users\wz\.gradle\native\29\windows-amd64\native-platform.dll
0x00007ffae0140000 - 0x00007ffae014d000 	D:\gongzuotool\android-studio35-new\jre\jre\bin\management.dll
0x00007ffae5030000 - 0x00007ffae5063000 	C:\WINDOWS\system32\rsaenh.dll
0x00007ffae6b90000 - 0x00007ffae6bb6000 	C:\WINDOWS\System32\bcrypt.dll
0x00007ffae5c00000 - 0x00007ffae5c28000 	C:\WINDOWS\SYSTEM32\USERENV.dll
0x00007ffae5680000 - 0x00007ffae568c000 	C:\WINDOWS\SYSTEM32\CRYPTBASE.dll
0x00007ffae51d0000 - 0x00007ffae520d000 	C:\WINDOWS\SYSTEM32\IPHLPAPI.DLL
0x00007ffae76b0000 - 0x00007ffae76b8000 	C:\WINDOWS\System32\NSI.dll
0x00007ffae18d0000 - 0x00007ffae18e6000 	C:\WINDOWS\SYSTEM32\dhcpcsvc6.DLL
0x00007ffae1780000 - 0x00007ffae179c000 	C:\WINDOWS\SYSTEM32\dhcpcsvc.DLL
0x00007ffae5210000 - 0x00007ffae52d6000 	C:\WINDOWS\SYSTEM32\DNSAPI.dll

VM Arguments:
jvm_args: -Xmx1536M -Dfile.encoding=GBK -Duser.country=CN -Duser.language=zh -Duser.variant 
java_command: org.gradle.launcher.daemon.bootstrap.GradleDaemon 5.4.1
java_class_path (initial): C:\Users\wz\.gradle\wrapper\dists\gradle-5.4.1-all\3221gyojl5jsh0helicew7rwx\gradle-5.4.1\lib\gradle-launcher-5.4.1.jar
Launcher Type: SUN_STANDARD

Environment Variables:
JAVA_HOME=C:\Program Files\Java\jdk-13
PATH=D:\Program Files (x86)\NetSarang\Xftp 6\;D:\Program Files (x86)\NetSarang\Xshell 6\;D:\Program Files (x86)\Python36-32\Scripts\;D:\Program Files (x86)\Python36-32\;C:\ProgramData\Oracle\Java\javapath;C:\WINDOWS\system32;C:\WINDOWS;C:\WINDOWS\System32\Wbem;C:\WINDOWS\System32\WindowsPowerShell\v1.0\;D:\Program Files\TortoiseSVN\bin;D:\Program Files\python\3.6.1;D:\Program Files\python\3.6.1\Scripts;d:\GitStack\git\cmd;d:\GitStack\git\bin;D:\gongzuotool\GitStack\python;D:\gongzuotool\GitStack\python\Scripts;d:\GitStack\python;d:\GitStack\python\Scripts;d:\GitStack\php;C:\WINDOWS\System32\OpenSSH\;d:\Program Files\Geth;C:\Go\bin;D:\Program Files\nodejs\;d:\Users\wz\anaconda3;d:\Users\wz\anaconda3\Library\mingw-w64\bin;d:\Users\wz\anaconda3\Library\usr\bin;d:\Users\wz\anaconda3\Library\bin;d:\Users\wz\anaconda3\Scripts;C:\Users\wz\AppData\Local\Microsoft\WindowsApps;D:\gongzuotool\sdk\platform-tools;D:\gongzuotool\go\bin;D:\gongzuotool\apache-tomcat-8.5.20\bin;C:\Program Files\Java\jdk-13\bin;D:\Program Files\Git\bin;D:\gongzuotool\maven\apache-maven-3.5.0\bin;C:\Program Files\Java\jdk-13\include;D:\gongzuotool\kotlin-native-master\dist\bin;%PYTHONHOME%;%PYTHONHOME%\Scripts;D:\gongzuotool\flutter\flutter\bin;D:\gongzuotool\Apache-Subversion-1.10.0\bin;D:\Program Files\mingw-w64\x86_64-8.1.0-posix-seh-rt_v6-rev0\mingw64\bin;E:\fanbianyi_xuexi;C:\Users\wz\go\bin;C:\Users\wz\AppData\Roaming\npm;C:\Users\wz\AppData\Local\Programs\Fiddler;C:\Users\wz\.konan\kotlin-native-windows-1.3.61\bin;D:\Program Files\Fiddler
USERNAME=abc
OS=Windows_NT
PROCESSOR_IDENTIFIER=Intel64 Family 6 Model 158 Stepping 9, GenuineIntel



---------------  S Y S T E M  ---------------

OS: Windows 10.0 , 64 bit Build 17763 (10.0.17763.475)

CPU:total 8 (initial active 8) (4 cores per cpu, 2 threads per core) family 6 model 158 stepping 9, cmov, cx8, fxsr, mmx, sse, sse2, sse3, ssse3, sse4.1, sse4.2, popcnt, avx, avx2, aes, clmul, erms, rtm, 3dnowpref, lzcnt, ht, tsc, tscinvbit, bmi1, bmi2, adx

Memory: 4k page, physical 16639564k(2716204k free), swap 17688140k(6536k free)

vm_info: OpenJDK 64-Bit Server VM (25.202-b03) for windows-amd64 JRE (1.8.0_202-release-1483-b03), built by "builder" with MS VC++ 10.0 (VS2010)

time: Tue Apr 14 17:25:41 2020
timezone: 中国标准时间
elapsed time: 336 seconds (0d 0h 5m 36s)

