#
# There is insufficient memory for the Java Runtime Environment to continue.
# Native memory allocation (malloc) failed to allocate 1234416 bytes for Chunk::new
# Possible reasons:
#   The system is out of physical RAM or swap space
#   The process is running with CompressedOops enabled, and the Java Heap may be blocking the growth of the native heap
# Possible solutions:
#   Reduce memory load on the system
#   Increase physical memory or swap space
#   Check if swap backing store is full
#   Decrease Java heap size (-Xmx/-Xms)
#   Decrease number of Java threads
#   Decrease Java thread stack sizes (-Xss)
#   Set larger code cache with -XX:ReservedCodeCacheSize=
#   JVM is running with Unscaled Compressed Oops mode in which the Java heap is
#     placed in the first 4GB address space. The Java Heap base address is the
#     maximum limit for the native heap growth. Please use -XX:HeapBaseMinAddress
#     to set the Java Heap base and to place the Java Heap above 4GB virtual address.
# This output file may be truncated or incomplete.
#
#  Out of Memory Error (allocation.cpp:389), pid=12292, tid=0x0000000000001940
#
# JRE version: OpenJDK Runtime Environment (8.0_202-b03) (build 1.8.0_202-release-1483-b03)
# Java VM: OpenJDK 64-Bit Server VM (25.202-b03 mixed mode windows-amd64 compressed oops)
# Failed to write core dump. Minidumps are not enabled by default on client versions of Windows
#

---------------  T H R E A D  ---------------

Current thread (0x000000001896a800):  JavaThread "C2 CompilerThread0" daemon [_thread_in_native, id=6464, stack(0x0000000019190000,0x0000000019290000)]

Stack: [0x0000000019190000,0x0000000019290000]
[error occurred during error reporting (printing stack bounds), id 0xc0000005]

Native frames: (J=compiled Java code, j=interpreted, Vv=VM code, C=native code)


Current CompileTask:
C2:9740028 17212       4       org.jetbrains.kotlin.cli.jvm.index.JvmDependenciesIndexImpl::search (391 bytes)


---------------  P R O C E S S  ---------------

Java Threads: ( => current thread )
  0x000000001c3f8000 JavaThread "stdout" [_thread_in_native, id=10780, stack(0x000000002bdd0000,0x000000002bed0000)]
  0x000000001c3f7000 JavaThread "stderr" [_thread_in_native, id=12484, stack(0x000000002bcd0000,0x000000002bdd0000)]
  0x000000001c3f6800 JavaThread "stdout" [_thread_in_native, id=7412, stack(0x000000002bbd0000,0x000000002bcd0000)]
  0x000000001c3f2000 JavaThread "stderr" [_thread_in_native, id=11996, stack(0x000000002bad0000,0x000000002bbd0000)]
  0x000000001c3f5000 JavaThread "stdout" [_thread_in_native, id=15808, stack(0x000000002b9d0000,0x000000002bad0000)]
  0x000000001c3f4000 JavaThread "stderr" [_thread_in_native, id=5816, stack(0x000000002b8d0000,0x000000002b9d0000)]
  0x000000001c3f5800 JavaThread "stdout" [_thread_in_native, id=14132, stack(0x000000002b7d0000,0x000000002b8d0000)]
  0x000000001c3ea800 JavaThread "stderr" [_thread_in_native, id=3752, stack(0x000000002b6d0000,0x000000002b7d0000)]
  0x000000001c3f1000 JavaThread "stdout" [_thread_in_native, id=3896, stack(0x000000002b5d0000,0x000000002b6d0000)]
  0x000000001c3e9800 JavaThread "stderr" [_thread_in_native, id=16192, stack(0x000000002b4d0000,0x000000002b5d0000)]
  0x000000001c3ee000 JavaThread "stdout" [_thread_in_native, id=6724, stack(0x000000002b3d0000,0x000000002b4d0000)]
  0x000000001c3ec800 JavaThread "stderr" [_thread_in_native, id=4768, stack(0x000000002b2d0000,0x000000002b3d0000)]
  0x000000001c3ec000 JavaThread "stdout" [_thread_in_native, id=6256, stack(0x000000002b1d0000,0x000000002b2d0000)]
  0x000000001c3ed800 JavaThread "stderr" [_thread_in_native, id=11144, stack(0x000000002b0d0000,0x000000002b1d0000)]
  0x000000001c3ef000 JavaThread "stdout" [_thread_in_native, id=7132, stack(0x000000002afd0000,0x000000002b0d0000)]
  0x000000001c3ef800 JavaThread "stderr" [_thread_in_native, id=12124, stack(0x000000002aed0000,0x000000002afd0000)]
  0x000000001c3eb000 JavaThread "WorkerExecutor Queue Thread 8" [_thread_blocked, id=14480, stack(0x000000002add0000,0x000000002aed0000)]
  0x000000001c3f0800 JavaThread "WorkerExecutor Queue Thread 7" [_thread_blocked, id=15256, stack(0x000000002acd0000,0x000000002add0000)]
  0x000000001ad9e800 JavaThread "WorkerExecutor Queue Thread 6" [_thread_blocked, id=1100, stack(0x000000002abd0000,0x000000002acd0000)]
  0x000000001ada3000 JavaThread "pool-6-thread-1" [_thread_blocked, id=700, stack(0x000000002aad0000,0x000000002abd0000)]
  0x000000001cb31800 JavaThread "WorkerExecutor Queue Thread 5" [_thread_blocked, id=10284, stack(0x000000002a9d0000,0x000000002aad0000)]
  0x000000001cb31000 JavaThread "WorkerExecutor Queue Thread 4" [_thread_blocked, id=15376, stack(0x000000002a8d0000,0x000000002a9d0000)]
  0x000000001cb36000 JavaThread "WorkerExecutor Queue Thread 3" [_thread_blocked, id=6084, stack(0x000000002a7d0000,0x000000002a8d0000)]
  0x000000001cb2f800 JavaThread "WorkerExecutor Queue Thread 2" [_thread_blocked, id=7372, stack(0x000000002a6d0000,0x000000002a7d0000)]
  0x000000001cb34000 JavaThread "WorkerExecutor Queue" [_thread_blocked, id=16220, stack(0x000000002a5d0000,0x000000002a6d0000)]
  0x000000001cb30000 JavaThread "Cache worker for execution history cache (E:\wz\kktools\.gradle\5.4.1\executionHistory)" [_thread_blocked, id=4664, stack(0x000000002a4d0000,0x000000002a5d0000)]
  0x000000001d7a6000 JavaThread "Execution worker for ':' Thread 7" [_thread_blocked, id=1788, stack(0x000000002a3d0000,0x000000002a4d0000)]
  0x000000001d7a4800 JavaThread "Execution worker for ':' Thread 6" [_thread_blocked, id=7652, stack(0x000000002a2d0000,0x000000002a3d0000)]
  0x000000001d7a3000 JavaThread "Execution worker for ':' Thread 5" [_thread_blocked, id=1688, stack(0x000000002a1d0000,0x000000002a2d0000)]
  0x000000001d7a2000 JavaThread "Execution worker for ':' Thread 4" [_thread_blocked, id=2392, stack(0x000000002a0d0000,0x000000002a1d0000)]
  0x000000001d7a7800 JavaThread "Execution worker for ':' Thread 3" [_thread_blocked, id=13060, stack(0x0000000029fd0000,0x000000002a0d0000)]
  0x000000001d7a1800 JavaThread "Execution worker for ':' Thread 2" [_thread_in_Java, id=9808, stack(0x0000000029ed0000,0x0000000029fd0000)]
  0x000000001d7a5000 JavaThread "Execution worker for ':'" [_thread_blocked, id=6172, stack(0x0000000029dd0000,0x0000000029ed0000)]
  0x000000001ec6c000 JavaThread "Cache worker for file content cache (E:\wz\kktools\.gradle\5.4.1\fileContent)" [_thread_blocked, id=11516, stack(0x0000000029cd0000,0x0000000029dd0000)]
  0x000000001ec6b800 JavaThread "Cache worker for file content cache (C:\Users\wz\.gradle\caches\5.4.1\fileContent)" [_thread_blocked, id=12520, stack(0x0000000029bd0000,0x0000000029cd0000)]
  0x000000001ec6e800 JavaThread "Cache worker for Build Output Cleanup Cache (E:\wz\kktools\.gradle\buildOutputCleanup)" [_thread_blocked, id=16084, stack(0x0000000029ad0000,0x0000000029bd0000)]
  0x000000001ec6f000 JavaThread "pool-5-thread-1" [_thread_blocked, id=6672, stack(0x00000000299d0000,0x0000000029ad0000)]
  0x000000001ec6d000 JavaThread "Build operations Thread 8" [_thread_blocked, id=14492, stack(0x00000000298d0000,0x00000000299d0000)]
  0x000000001ec6d800 JavaThread "Build operations Thread 7" [_thread_blocked, id=15932, stack(0x00000000297d0000,0x00000000298d0000)]
  0x000000001ec6a800 JavaThread "Build operations Thread 6" [_thread_blocked, id=11428, stack(0x00000000296d0000,0x00000000297d0000)]
  0x000000001ec70000 JavaThread "Build operations Thread 5" [_thread_blocked, id=4076, stack(0x00000000295d0000,0x00000000296d0000)]
  0x000000001ec63000 JavaThread "Build operations Thread 4" [_thread_blocked, id=10928, stack(0x00000000294d0000,0x00000000295d0000)]
  0x000000001ec68800 JavaThread "Build operations Thread 3" [_thread_blocked, id=6056, stack(0x00000000293d0000,0x00000000294d0000)]
  0x000000001ec66800 JavaThread "Build operations Thread 2" [_thread_blocked, id=12556, stack(0x00000000292d0000,0x00000000293d0000)]
  0x000000001ec6a000 JavaThread "Build operations" [_thread_blocked, id=11180, stack(0x00000000291d0000,0x00000000292d0000)]
  0x000000001ec69000 JavaThread "Cache worker for cache directory md-rule (C:\Users\wz\.gradle\caches\5.4.1\md-rule)" [_thread_blocked, id=3764, stack(0x00000000290d0000,0x00000000291d0000)]
  0x000000001ec62000 JavaThread "Cache worker for cache directory md-supplier (C:\Users\wz\.gradle\caches\5.4.1\md-supplier)" [_thread_blocked, id=7256, stack(0x0000000028fd0000,0x00000000290d0000)]
  0x000000001ec66000 JavaThread "Cache worker for file hash cache (E:\wz\kktools\.gradle\5.4.1\fileHashes)" [_thread_blocked, id=744, stack(0x0000000028ed0000,0x0000000028fd0000)]
  0x000000001ec61800 JavaThread "Thread-66" [_thread_blocked, id=10816, stack(0x0000000028dd0000,0x0000000028ed0000)]
  0x000000001ec65000 JavaThread "Stdin handler" [_thread_blocked, id=10580, stack(0x0000000028cd0000,0x0000000028dd0000)]
  0x000000001ec64800 JavaThread "Asynchronous log dispatcher for DefaultDaemonConnection: socket connection from /127.0.0.1:49786 to /127.0.0.1:54820" [_thread_blocked, id=8060, stack(0x0000000028bd0000,0x0000000028cd0000)]
  0x000000001ec63800 JavaThread "Cancel handler" [_thread_blocked, id=12072, stack(0x0000000028ad0000,0x0000000028bd0000)]
  0x000000001ec60800 JavaThread "Handler for socket connection from /127.0.0.1:49786 to /127.0.0.1:54820" [_thread_in_native, id=5132, stack(0x00000000289d0000,0x0000000028ad0000)]
  0x000000001cb35800 JavaThread "Daemon worker Thread 2" [_thread_blocked, id=3236, stack(0x0000000026100000,0x0000000026200000)]
  0x000000001cb34800 JavaThread "Daemon Thread 2" [_thread_blocked, id=11404, stack(0x0000000025e00000,0x0000000025f00000)]
  0x000000001d7a8000 JavaThread "Memory manager" [_thread_blocked, id=14688, stack(0x0000000024a00000,0x0000000024b00000)]
  0x000000001cb33000 JavaThread "Cache worker for execution history cache (C:\Users\wz\.gradle\caches\5.4.1\executionHistory)" [_thread_blocked, id=1732, stack(0x00000000216f0000,0x00000000217f0000)]
  0x000000001ada3800 JavaThread "Cache worker for journal cache (C:\Users\wz\.gradle\caches\journal-1)" [_thread_blocked, id=15252, stack(0x000000001d100000,0x000000001d200000)]
  0x000000001ad9f000 JavaThread "File lock request listener" [_thread_in_native, id=11500, stack(0x000000001d000000,0x000000001d100000)]
  0x000000001ad99800 JavaThread "Cache worker for file hash cache (C:\Users\wz\.gradle\caches\5.4.1\fileHashes)" [_thread_blocked, id=10772, stack(0x000000001cf00000,0x000000001d000000)]
  0x000000001aca0800 JavaThread "Daemon periodic checks" [_thread_blocked, id=10308, stack(0x000000001b430000,0x000000001b530000)]
  0x000000001acab800 JavaThread "Incoming local TCP Connector on port 49786" [_thread_in_native, id=7208, stack(0x000000001b280000,0x000000001b380000)]
  0x000000001aabd000 JavaThread "Daemon health stats" [_thread_blocked, id=7252, stack(0x000000001af60000,0x000000001b060000)]
  0x0000000018a55800 JavaThread "Service Thread" daemon [_thread_blocked, id=11316, stack(0x0000000019590000,0x0000000019690000)]
  0x0000000016b7e800 JavaThread "C1 CompilerThread3" daemon [_thread_blocked, id=14612, stack(0x0000000019490000,0x0000000019590000)]
  0x0000000016b7b800 JavaThread "C2 CompilerThread2" daemon [_thread_in_native, id=3300, stack(0x0000000019390000,0x0000000019490000)]
  0x000000001896f000 JavaThread "C2 CompilerThread1" daemon [_thread_in_native, id=12060, stack(0x0000000019290000,0x0000000019390000)]
=>0x000000001896a800 JavaThread "C2 CompilerThread0" daemon [_thread_in_native, id=6464, stack(0x0000000019190000,0x0000000019290000)]
  0x00000000189c7800 JavaThread "Attach Listener" daemon [_thread_blocked, id=2092, stack(0x0000000019090000,0x0000000019190000)]
  0x0000000018956800 JavaThread "Signal Dispatcher" daemon [_thread_blocked, id=1316, stack(0x0000000018f90000,0x0000000019090000)]
  0x0000000002dac800 JavaThread "Finalizer" daemon [_thread_blocked, id=10204, stack(0x0000000018e30000,0x0000000018f30000)]
  0x0000000018950800 JavaThread "Reference Handler" daemon [_thread_blocked, id=9696, stack(0x0000000018d30000,0x0000000018e30000)]
  0x00000000027de000 JavaThread "main" [_thread_blocked, id=9036, stack(0x0000000002bb0000,0x0000000002cb0000)]

Other Threads:
  0x0000000016b68000 VMThread [stack: 0x0000000018830000,0x0000000018930000] [id=15616]
  0x0000000018a56800 WatcherThread [stack: 0x0000000019690000,0x0000000019790000] [id=14220]

VM state:not at safepoint (normal execution)

VM Mutex/Monitor currently owned by a thread: None

heap address: 0x00000000a0000000, size: 1536 MB, Compressed Oops mode: 32-bit
Narrow klass base: 0x0000000000000000, Narrow klass shift: 3
Compressed class space size: 1073741824 Address: 0x0000000100000000

Heap:
 PSYoungGen      total 304640K, used 142754K [0x00000000e0000000, 0x00000000f5e00000, 0x0000000100000000)
  eden space 264192K, 54% used [0x00000000e0000000,0x00000000e8b68950,0x00000000f0200000)
  from space 40448K, 0% used [0x00000000f2f00000,0x00000000f2f00000,0x00000000f5680000)
  to   space 46080K, 0% used [0x00000000f0200000,0x00000000f0200000,0x00000000f2f00000)
 ParOldGen       total 480256K, used 90177K [0x00000000a0000000, 0x00000000bd500000, 0x00000000e0000000)
  object space 480256K, 18% used [0x00000000a0000000,0x00000000a58105d0,0x00000000bd500000)
 Metaspace       used 112468K, capacity 116955K, committed 117464K, reserved 1150976K
  class space    used 14312K, capacity 15290K, committed 15360K, reserved 1048576K

Card table byte_map: [0x0000000012170000,0x0000000012480000] byte_map_base: 0x0000000011c70000

Marking Bits: (ParMarkBitMap*) 0x0000000057e69f30
 Begin Bits: [0x0000000012e80000, 0x0000000014680000)
 End Bits:   [0x0000000014680000, 0x0000000015e80000)

Polling page: 0x00000000007f0000

CodeCache: size=245760Kb used=49621Kb max_used=49621Kb free=196138Kb
 bounds [0x0000000002db0000, 0x0000000005e70000, 0x0000000011db0000]
 total_blobs=15593 nmethods=14686 adapters=817
 compilation: enabled

Compilation events (10 events):
Event: 9740.026 Thread 0x0000000016b7e800 nmethod 17432 0x0000000005e5bad0 code [0x0000000005e5bc40, 0x0000000005e5bde8]
Event: 9740.026 Thread 0x0000000016b7e800 17433       3       com.intellij.psi.infos.MethodCandidateInfo::lambda$inferTypeArguments$4 (107 bytes)
Event: 9740.027 Thread 0x0000000016b7e800 nmethod 17433 0x0000000005e5be90 code [0x0000000005e5c140, 0x0000000005e5d3f8]
Event: 9740.027 Thread 0x0000000016b7e800 17434       3       com.intellij.psi.infos.MethodCandidateInfo::isRawSubstitution (42 bytes)
Event: 9740.027 Thread 0x0000000016b7e800 nmethod 17434 0x0000000005e5dad0 code [0x0000000005e5dca0, 0x0000000005e5e3a8]
Event: 9740.027 Thread 0x0000000016b7e800 17435       3       com.intellij.util.containers.ConcurrentWeakHashMap::remove (6 bytes)
Event: 9740.027 Thread 0x0000000016b7e800 nmethod 17435 0x0000000005e5e590 code [0x0000000005e5e740, 0x0000000005e5ec68]
Event: 9740.027 Thread 0x0000000016b7e800 17436       3       com.intellij.util.containers.ConcurrentRefHashMap::remove (28 bytes)
Event: 9740.028 Thread 0x0000000016b7e800 nmethod 17436 0x0000000005e5eed0 code [0x0000000005e5f0c0, 0x0000000005e5fb58]
Event: 9740.028 Thread 0x0000000016b7e800 17438       3       com.intellij.psi.impl.source.PsiClassImpl::findFieldByName (10 bytes)

GC Heap History (10 events):
Event: 9731.623 GC heap before
{Heap before GC invocations=26 (full 3):
 PSYoungGen      total 243712K, used 205984K [0x00000000e0000000, 0x00000000f1880000, 0x0000000100000000)
  eden space 205312K, 100% used [0x00000000e0000000,0x00000000ec880000,0x00000000ec880000)
  from space 38400K, 1% used [0x00000000ef300000,0x00000000ef3a8000,0x00000000f1880000)
  to   space 40960K, 0% used [0x00000000ec880000,0x00000000ec880000,0x00000000ef080000)
 ParOldGen       total 318976K, used 86188K [0x00000000a0000000, 0x00000000b3780000, 0x00000000e0000000)
  object space 318976K, 27% used [0x00000000a0000000,0x00000000a542b210,0x00000000b3780000)
 Metaspace       used 75747K, capacity 79606K, committed 79832K, reserved 1118208K
  class space    used 9832K, capacity 10658K, committed 10752K, reserved 1048576K
Event: 9731.626 GC heap after
Heap after GC invocations=26 (full 3):
 PSYoungGen      total 246272K, used 608K [0x00000000e0000000, 0x00000000f4080000, 0x0000000100000000)
  eden space 205312K, 0% used [0x00000000e0000000,0x00000000e0000000,0x00000000ec880000)
  from space 40960K, 1% used [0x00000000ec880000,0x00000000ec918000,0x00000000ef080000)
  to   space 41472K, 0% used [0x00000000f1800000,0x00000000f1800000,0x00000000f4080000)
 ParOldGen       total 318976K, used 86348K [0x00000000a0000000, 0x00000000b3780000, 0x00000000e0000000)
  object space 318976K, 27% used [0x00000000a0000000,0x00000000a5453210,0x00000000b3780000)
 Metaspace       used 75747K, capacity 79606K, committed 79832K, reserved 1118208K
  class space    used 9832K, capacity 10658K, committed 10752K, reserved 1048576K
}
Event: 9731.861 GC heap before
{Heap before GC invocations=27 (full 3):
 PSYoungGen      total 246272K, used 205920K [0x00000000e0000000, 0x00000000f4080000, 0x0000000100000000)
  eden space 205312K, 100% used [0x00000000e0000000,0x00000000ec880000,0x00000000ec880000)
  from space 40960K, 1% used [0x00000000ec880000,0x00000000ec918000,0x00000000ef080000)
  to   space 41472K, 0% used [0x00000000f1800000,0x00000000f1800000,0x00000000f4080000)
 ParOldGen       total 318976K, used 86348K [0x00000000a0000000, 0x00000000b3780000, 0x00000000e0000000)
  object space 318976K, 27% used [0x00000000a0000000,0x00000000a5453210,0x00000000b3780000)
 Metaspace       used 75748K, capacity 79606K, committed 79832K, reserved 1118208K
  class space    used 9832K, capacity 10658K, committed 10752K, reserved 1048576K
Event: 9731.864 GC heap after
Heap after GC invocations=27 (full 3):
 PSYoungGen      total 278528K, used 608K [0x00000000e0000000, 0x00000000f3c00000, 0x0000000100000000)
  eden space 241664K, 0% used [0x00000000e0000000,0x00000000e0000000,0x00000000eec00000)
  from space 36864K, 1% used [0x00000000f1800000,0x00000000f1898000,0x00000000f3c00000)
  to   space 40960K, 0% used [0x00000000eec00000,0x00000000eec00000,0x00000000f1400000)
 ParOldGen       total 318976K, used 86444K [0x00000000a0000000, 0x00000000b3780000, 0x00000000e0000000)
  object space 318976K, 27% used [0x00000000a0000000,0x00000000a546b210,0x00000000b3780000)
 Metaspace       used 75748K, capacity 79606K, committed 79832K, reserved 1118208K
  class space    used 9832K, capacity 10658K, committed 10752K, reserved 1048576K
}
Event: 9732.549 GC heap before
{Heap before GC invocations=28 (full 3):
 PSYoungGen      total 278528K, used 242272K [0x00000000e0000000, 0x00000000f3c00000, 0x0000000100000000)
  eden space 241664K, 100% used [0x00000000e0000000,0x00000000eec00000,0x00000000eec00000)
  from space 36864K, 1% used [0x00000000f1800000,0x00000000f1898000,0x00000000f3c00000)
  to   space 40960K, 0% used [0x00000000eec00000,0x00000000eec00000,0x00000000f1400000)
 ParOldGen       total 318976K, used 86444K [0x00000000a0000000, 0x00000000b3780000, 0x00000000e0000000)
  object space 318976K, 27% used [0x00000000a0000000,0x00000000a546b210,0x00000000b3780000)
 Metaspace       used 76826K, capacity 80828K, committed 80984K, reserved 1120256K
  class space    used 9929K, capacity 10805K, committed 10880K, reserved 1048576K
Event: 9732.554 GC heap after
Heap after GC invocations=28 (full 3):
 PSYoungGen      total 282624K, used 2566K [0x00000000e0000000, 0x00000000f5680000, 0x0000000100000000)
  eden space 241664K, 0% used [0x00000000e0000000,0x00000000e0000000,0x00000000eec00000)
  from space 40960K, 6% used [0x00000000eec00000,0x00000000eee81bd8,0x00000000f1400000)
  to   space 40448K, 0% used [0x00000000f2f00000,0x00000000f2f00000,0x00000000f5680000)
 ParOldGen       total 318976K, used 86452K [0x00000000a0000000, 0x00000000b3780000, 0x00000000e0000000)
  object space 318976K, 27% used [0x00000000a0000000,0x00000000a546d210,0x00000000b3780000)
 Metaspace       used 76826K, capacity 80828K, committed 80984K, reserved 1120256K
  class space    used 9929K, capacity 10805K, committed 10880K, reserved 1048576K
}
Event: 9735.339 GC heap before
{Heap before GC invocations=29 (full 3):
 PSYoungGen      total 282624K, used 207899K [0x00000000e0000000, 0x00000000f5680000, 0x0000000100000000)
  eden space 241664K, 84% used [0x00000000e0000000,0x00000000ec885200,0x00000000eec00000)
  from space 40960K, 6% used [0x00000000eec00000,0x00000000eee81bd8,0x00000000f1400000)
  to   space 40448K, 0% used [0x00000000f2f00000,0x00000000f2f00000,0x00000000f5680000)
 ParOldGen       total 318976K, used 86452K [0x00000000a0000000, 0x00000000b3780000, 0x00000000e0000000)
  object space 318976K, 27% used [0x00000000a0000000,0x00000000a546d210,0x00000000b3780000)
 Metaspace       used 93625K, capacity 98174K, committed 98264K, reserved 1134592K
  class space    used 11839K, capacity 12798K, committed 12800K, reserved 1048576K
Event: 9735.357 GC heap after
Heap after GC invocations=29 (full 3):
 PSYoungGen      total 304640K, used 35788K [0x00000000e0000000, 0x00000000f5e00000, 0x0000000100000000)
  eden space 264192K, 0% used [0x00000000e0000000,0x00000000e0000000,0x00000000f0200000)
  from space 40448K, 88% used [0x00000000f2f00000,0x00000000f51f3290,0x00000000f5680000)
  to   space 46080K, 0% used [0x00000000f0200000,0x00000000f0200000,0x00000000f2f00000)
 ParOldGen       total 318976K, used 86479K [0x00000000a0000000, 0x00000000b3780000, 0x00000000e0000000)
  object space 318976K, 27% used [0x00000000a0000000,0x00000000a5473e60,0x00000000b3780000)
 Metaspace       used 93625K, capacity 98174K, committed 98264K, reserved 1134592K
  class space    used 11839K, capacity 12798K, committed 12800K, reserved 1048576K
}
Event: 9735.357 GC heap before
{Heap before GC invocations=30 (full 4):
 PSYoungGen      total 304640K, used 35788K [0x00000000e0000000, 0x00000000f5e00000, 0x0000000100000000)
  eden space 264192K, 0% used [0x00000000e0000000,0x00000000e0000000,0x00000000f0200000)
  from space 40448K, 88% used [0x00000000f2f00000,0x00000000f51f3290,0x00000000f5680000)
  to   space 46080K, 0% used [0x00000000f0200000,0x00000000f0200000,0x00000000f2f00000)
 ParOldGen       total 318976K, used 86479K [0x00000000a0000000, 0x00000000b3780000, 0x00000000e0000000)
  object space 318976K, 27% used [0x00000000a0000000,0x00000000a5473e60,0x00000000b3780000)
 Metaspace       used 93625K, capacity 98174K, committed 98264K, reserved 1134592K
  class space    used 11839K, capacity 12798K, committed 12800K, reserved 1048576K
Event: 9735.562 GC heap after
Heap after GC invocations=30 (full 4):
 PSYoungGen      total 304640K, used 0K [0x00000000e0000000, 0x00000000f5e00000, 0x0000000100000000)
  eden space 264192K, 0% used [0x00000000e0000000,0x00000000e0000000,0x00000000f0200000)
  from space 40448K, 0% used [0x00000000f2f00000,0x00000000f2f00000,0x00000000f5680000)
  to   space 46080K, 0% used [0x00000000f0200000,0x00000000f0200000,0x00000000f2f00000)
 ParOldGen       total 480256K, used 90177K [0x00000000a0000000, 0x00000000bd500000, 0x00000000e0000000)
  object space 480256K, 18% used [0x00000000a0000000,0x00000000a58105d0,0x00000000bd500000)
 Metaspace       used 93144K, capacity 96948K, committed 98264K, reserved 1134592K
  class space    used 11711K, capacity 12527K, committed 12800K, reserved 1048576K
}

Deoptimization events (10 events):
Event: 9739.527 Thread 0x000000001d7a1800 Uncommon trap: reason=array_check action=maybe_recompile pc=0x0000000005c7e684 method=com.intellij.psi.stubs.StubBase.fillFilteredChildren(Lcom/intellij/psi/tree/IElementType;[Lcom/intellij/psi/PsiElement;Ljava/util/List;)V @ 55
Event: 9739.795 Thread 0x000000001d7a1800 Uncommon trap: reason=unstable_if action=reinterpret pc=0x0000000003e4c900 method=com.sun.org.apache.xerces.internal.impl.XMLEntityScanner.scanName(Lcom/sun/org/apache/xerces/internal/impl/XMLScanner$NameType;)Ljava/lang/String; @ 69
Event: 9739.853 Thread 0x000000001d7a1800 Uncommon trap: reason=predicate action=maybe_recompile pc=0x0000000005cbe9dc method=com.android.tools.lint.checks.ApiDatabase.compare([BIBLjava/lang/String;II)I @ 14
Event: 9739.862 Thread 0x000000001d7a1800 Uncommon trap: reason=unstable_if action=reinterpret pc=0x0000000005c83c58 method=com.intellij.psi.impl.source.tree.java.ImportStatementElement.findChildByRole(I)Lcom/intellij/lang/ASTNode; @ 7
Event: 9739.862 Thread 0x000000001d7a1800 Uncommon trap: reason=unstable_if action=reinterpret pc=0x0000000005d238bc method=com.intellij.psi.impl.source.PsiImportStatementBaseImpl.isOnDemand()Z @ 28
Event: 9739.891 Thread 0x000000001d7a1800 Uncommon trap: reason=unstable_if action=reinterpret pc=0x000000000555954c method=com.intellij.psi.tree.TokenSet.contains(Lcom/intellij/psi/tree/IElementType;)Z @ 1
Event: 9739.997 Thread 0x000000001d7a1800 Uncommon trap: reason=bimorphic action=maybe_recompile pc=0x0000000005a2404c method=java.util.AbstractList.rangeCheckForAdd(I)V @ 6
Event: 9739.997 Thread 0x000000001d7a1800 Uncommon trap: reason=bimorphic action=maybe_recompile pc=0x0000000005a2404c method=java.util.AbstractList.rangeCheckForAdd(I)V @ 6
Event: 9739.997 Thread 0x000000001d7a1800 Uncommon trap: reason=bimorphic action=maybe_recompile pc=0x0000000005a2404c method=java.util.AbstractList.rangeCheckForAdd(I)V @ 6
Event: 9739.997 Thread 0x000000001d7a1800 Uncommon trap: reason=bimorphic action=maybe_recompile pc=0x0000000005a2404c method=java.util.AbstractList.rangeCheckForAdd(I)V @ 6

Classes redefined (0 events):
No events

Internal exceptions (10 events):
Event: 9737.447 Thread 0x000000001d7a1800 Exception <a 'java/lang/NoSuchMethodError': java.lang.Object.lambda$static$1(Lcom/intellij/psi/PsiExpression;)Lcom/intellij/psi/PsiType;> (0x00000000e320dfd8) thrown at [D:\src\AOSP-openjdk-cygwin\jdk8u\hotspot\src\share\vm\interpreter\linkResolver.cpp, l
Event: 9737.449 Thread 0x000000001d7a1800 Exception <a 'java/lang/NoSuchMethodError': java.lang.Object.lambda$static$0(I)[Lcom/intellij/psi/PsiParameter;> (0x00000000e3225890) thrown at [D:\src\AOSP-openjdk-cygwin\jdk8u\hotspot\src\share\vm\interpreter\linkResolver.cpp, line 620]
Event: 9737.462 Thread 0x000000001d7a1800 Exception <a 'java/lang/NoSuchMethodError': java.lang.Object.lambda$static$0(I)[Lcom/intellij/psi/PsiStatement;> (0x00000000e328d298) thrown at [D:\src\AOSP-openjdk-cygwin\jdk8u\hotspot\src\share\vm\interpreter\linkResolver.cpp, line 620]
Event: 9737.513 Thread 0x000000001d7a1800 Exception <a 'java/lang/NoSuchMethodError': java.lang.Object.lambda$static$0(I)[Lcom/intellij/psi/PsiTypeParameter;> (0x00000000e345d9f8) thrown at [D:\src\AOSP-openjdk-cygwin\jdk8u\hotspot\src\share\vm\interpreter\linkResolver.cpp, line 620]
Event: 9737.544 Thread 0x000000001d7a1800 Exception <a 'java/lang/NoSuchMethodError': java.lang.Object.lambda$static$0(I)[Lcom/intellij/psi/PsiNameValuePair;> (0x00000000e35f7258) thrown at [D:\src\AOSP-openjdk-cygwin\jdk8u\hotspot\src\share\vm\interpreter\linkResolver.cpp, line 620]
Event: 9737.557 Thread 0x000000001d7a1800 Exception <a 'java/lang/NoSuchMethodError': java.lang.Object.lambda$static$0(I)[Lcom/intellij/psi/PsiCatchSection;> (0x00000000e36a8218) thrown at [D:\src\AOSP-openjdk-cygwin\jdk8u\hotspot\src\share\vm\interpreter\linkResolver.cpp, line 620]
Event: 9738.094 Thread 0x000000001d7a1800 Implicit null exception at 0x00000000055469d0 to 0x0000000005546a95
Event: 9738.611 Thread 0x000000001d7a1800 Exception <a 'java/lang/NoSuchMethodError': java.lang.Object.lambda$static$0(Lcom/intellij/psi/PsiType;Lcom/intellij/psi/PsiType;ZI)Z> (0x00000000e4f7cd58) thrown at [D:\src\AOSP-openjdk-cygwin\jdk8u\hotspot\src\share\vm\interpreter\linkResolver.cpp, line
Event: 9738.964 Thread 0x000000001d7a1800 Exception <a 'java/lang/NoSuchMethodError': java.lang.Object.lambda$static$0(I)[Lcom/intellij/psi/PsiAnnotationMemberValue;> (0x00000000e64c42d8) thrown at [D:\src\AOSP-openjdk-cygwin\jdk8u\hotspot\src\share\vm\interpreter\linkResolver.cpp, line 620]
Event: 9739.891 Thread 0x000000001d7a1800 Implicit null exception at 0x000000000555944c to 0x0000000005559539

Events (10 events):
Event: 9739.997 Thread 0x000000001d7a1800 DEOPT UNPACKING pc=0x0000000002df557b sp=0x0000000029fc7e10 mode 2
Event: 9739.997 Thread 0x000000001d7a1800 Uncommon trap: trap_request=0xffffffc6 fr.pc=0x0000000005a2404c
Event: 9739.997 Thread 0x000000001d7a1800 DEOPT PACKING pc=0x0000000005a2404c sp=0x0000000029fc7ec0
Event: 9739.997 Thread 0x000000001d7a1800 DEOPT UNPACKING pc=0x0000000002df557b sp=0x0000000029fc7e10 mode 2
Event: 9739.997 Thread 0x000000001d7a1800 Uncommon trap: trap_request=0xffffffc6 fr.pc=0x0000000005a2404c
Event: 9739.997 Thread 0x000000001d7a1800 DEOPT PACKING pc=0x0000000005a2404c sp=0x0000000029fc7ec0
Event: 9739.997 Thread 0x000000001d7a1800 DEOPT UNPACKING pc=0x0000000002df557b sp=0x0000000029fc7e10 mode 2
Event: 9739.997 Thread 0x000000001d7a1800 Uncommon trap: trap_request=0xffffffc6 fr.pc=0x0000000005a2404c
Event: 9739.997 Thread 0x000000001d7a1800 DEOPT PACKING pc=0x0000000005a2404c sp=0x0000000029fc7ec0
Event: 9739.997 Thread 0x000000001d7a1800 DEOPT UNPACKING pc=0x0000000002df557b sp=0x0000000029fc7e10 mode 2


Dynamic libraries:
0x00007ff7e6a60000 - 0x00007ff7e6a91000 	D:\gongzuotool\android-studio35-new\jre\bin\java.exe
0x00007ffae9ce0000 - 0x00007ffae9ecd000 	C:\WINDOWS\SYSTEM32\ntdll.dll
0x00007ffae8520000 - 0x00007ffae85d3000 	C:\WINDOWS\System32\KERNEL32.DLL
0x00007ffae6870000 - 0x00007ffae6b03000 	C:\WINDOWS\System32\KERNELBASE.dll
0x00007ffae7c50000 - 0x00007ffae7cf3000 	C:\WINDOWS\System32\ADVAPI32.dll
0x00007ffae6fc0000 - 0x00007ffae705e000 	C:\WINDOWS\System32\msvcrt.dll
0x00007ffae7610000 - 0x00007ffae76ae000 	C:\WINDOWS\System32\sechost.dll
0x00007ffae7e00000 - 0x00007ffae7f22000 	C:\WINDOWS\System32\RPCRT4.dll
0x00007ffae76c0000 - 0x00007ffae7857000 	C:\WINDOWS\System32\USER32.dll
0x00007ffae65b0000 - 0x00007ffae65d0000 	C:\WINDOWS\System32\win32u.dll
0x00007ffae7dd0000 - 0x00007ffae7df9000 	C:\WINDOWS\System32\GDI32.dll
0x00007ffae65d0000 - 0x00007ffae6769000 	C:\WINDOWS\System32\gdi32full.dll
0x00007ffae5da0000 - 0x00007ffae5e40000 	C:\WINDOWS\System32\msvcp_win.dll
0x00007ffae6770000 - 0x00007ffae686a000 	C:\WINDOWS\System32\ucrtbase.dll
0x00007ffadb280000 - 0x00007ffadb4f9000 	C:\WINDOWS\WinSxS\amd64_microsoft.windows.common-controls_6595b64144ccf1df_6.0.17763.1098_none_de762ed45346ee8a\COMCTL32.dll
0x00007ffae78c0000 - 0x00007ffae7bec000 	C:\WINDOWS\System32\combase.dll
0x00007ffae6b10000 - 0x00007ffae6b8e000 	C:\WINDOWS\System32\bcryptPrimitives.dll
0x00007ffae85e0000 - 0x00007ffae860e000 	C:\WINDOWS\System32\IMM32.DLL
0x00000000574e0000 - 0x00000000575b2000 	D:\gongzuotool\android-studio35-new\jre\jre\bin\msvcr100.dll
0x00000000576a0000 - 0x0000000057ee6000 	D:\gongzuotool\android-studio35-new\jre\jre\bin\server\jvm.dll
0x00007ffae8610000 - 0x00007ffae8618000 	C:\WINDOWS\System32\PSAPI.DLL
0x00007ffadc570000 - 0x00007ffadc579000 	C:\WINDOWS\SYSTEM32\WSOCK32.dll
0x00007ffae2210000 - 0x00007ffae221a000 	C:\WINDOWS\SYSTEM32\VERSION.dll
0x00007ffae8090000 - 0x00007ffae80fd000 	C:\WINDOWS\System32\WS2_32.dll
0x00007ffadb1e0000 - 0x00007ffadb204000 	C:\WINDOWS\SYSTEM32\WINMM.dll
0x00007ffadb100000 - 0x00007ffadb12d000 	C:\WINDOWS\SYSTEM32\winmmbase.dll
0x00007ffae6bc0000 - 0x00007ffae6c0a000 	C:\WINDOWS\System32\cfgmgr32.dll
0x00007ffae1d70000 - 0x00007ffae1d7f000 	D:\gongzuotool\android-studio35-new\jre\jre\bin\verify.dll
0x00007ffae0b80000 - 0x00007ffae0ba9000 	D:\gongzuotool\android-studio35-new\jre\jre\bin\java.dll
0x00007ffae0150000 - 0x00007ffae0166000 	D:\gongzuotool\android-studio35-new\jre\jre\bin\zip.dll
0x00007ffae8620000 - 0x00007ffae9b14000 	C:\WINDOWS\System32\SHELL32.dll
0x00007ffae8110000 - 0x00007ffae81b8000 	C:\WINDOWS\System32\shcore.dll
0x00007ffae5e40000 - 0x00007ffae658d000 	C:\WINDOWS\System32\windows.storage.dll
0x00007ffae5d50000 - 0x00007ffae5d74000 	C:\WINDOWS\System32\profapi.dll
0x00007ffae5cf0000 - 0x00007ffae5d4d000 	C:\WINDOWS\System32\powrprof.dll
0x00007ffae6f60000 - 0x00007ffae6fb2000 	C:\WINDOWS\System32\shlwapi.dll
0x00007ffae5cd0000 - 0x00007ffae5ce1000 	C:\WINDOWS\System32\kernel.appcore.dll
0x00007ffae6590000 - 0x00007ffae65a7000 	C:\WINDOWS\System32\cryptsp.dll
0x00007ffad8390000 - 0x00007ffad83aa000 	D:\gongzuotool\android-studio35-new\jre\jre\bin\net.dll
0x00007ffae54b0000 - 0x00007ffae5517000 	C:\WINDOWS\system32\mswsock.dll
0x00007ffad8370000 - 0x00007ffad8381000 	D:\gongzuotool\android-studio35-new\jre\jre\bin\nio.dll
0x00007ffabcff0000 - 0x00007ffabd016000 	C:\Users\wz\.gradle\native\29\windows-amd64\native-platform.dll
0x00007ffae0140000 - 0x00007ffae014d000 	D:\gongzuotool\android-studio35-new\jre\jre\bin\management.dll
0x00007ffae5030000 - 0x00007ffae5063000 	C:\WINDOWS\system32\rsaenh.dll
0x00007ffae6b90000 - 0x00007ffae6bb6000 	C:\WINDOWS\System32\bcrypt.dll
0x00007ffae5c00000 - 0x00007ffae5c28000 	C:\WINDOWS\SYSTEM32\USERENV.dll
0x00007ffae5680000 - 0x00007ffae568c000 	C:\WINDOWS\SYSTEM32\CRYPTBASE.dll
0x00007ffae51d0000 - 0x00007ffae520d000 	C:\WINDOWS\SYSTEM32\IPHLPAPI.DLL
0x00007ffae76b0000 - 0x00007ffae76b8000 	C:\WINDOWS\System32\NSI.dll
0x00007ffae18d0000 - 0x00007ffae18e6000 	C:\WINDOWS\SYSTEM32\dhcpcsvc6.DLL
0x00007ffae1780000 - 0x00007ffae179c000 	C:\WINDOWS\SYSTEM32\dhcpcsvc.DLL
0x00007ffae5210000 - 0x00007ffae52d6000 	C:\WINDOWS\SYSTEM32\DNSAPI.dll

VM Arguments:
jvm_args: -Xmx1536M -Dfile.encoding=GBK -Duser.country=CN -Duser.language=zh -Duser.variant 
java_command: org.gradle.launcher.daemon.bootstrap.GradleDaemon 5.4.1
java_class_path (initial): C:\Users\wz\.gradle\wrapper\dists\gradle-5.4.1-all\3221gyojl5jsh0helicew7rwx\gradle-5.4.1\lib\gradle-launcher-5.4.1.jar
Launcher Type: SUN_STANDARD

Environment Variables:
JAVA_HOME=C:\Program Files\Java\jdk-13
PATH=D:\Program Files (x86)\NetSarang\Xftp 6\;D:\Program Files (x86)\NetSarang\Xshell 6\;D:\Program Files (x86)\Python36-32\Scripts\;D:\Program Files (x86)\Python36-32\;C:\ProgramData\Oracle\Java\javapath;C:\WINDOWS\system32;C:\WINDOWS;C:\WINDOWS\System32\Wbem;C:\WINDOWS\System32\WindowsPowerShell\v1.0\;D:\Program Files\TortoiseSVN\bin;D:\Program Files\python\3.6.1;D:\Program Files\python\3.6.1\Scripts;d:\GitStack\git\cmd;d:\GitStack\git\bin;D:\gongzuotool\GitStack\python;D:\gongzuotool\GitStack\python\Scripts;d:\GitStack\python;d:\GitStack\python\Scripts;d:\GitStack\php;C:\WINDOWS\System32\OpenSSH\;d:\Program Files\Geth;C:\Go\bin;D:\Program Files\nodejs\;d:\Users\wz\anaconda3;d:\Users\wz\anaconda3\Library\mingw-w64\bin;d:\Users\wz\anaconda3\Library\usr\bin;d:\Users\wz\anaconda3\Library\bin;d:\Users\wz\anaconda3\Scripts;C:\Users\wz\AppData\Local\Microsoft\WindowsApps;D:\gongzuotool\sdk\platform-tools;D:\gongzuotool\go\bin;D:\gongzuotool\apache-tomcat-8.5.20\bin;C:\Program Files\Java\jdk-13\bin;D:\Program Files\Git\bin;D:\gongzuotool\maven\apache-maven-3.5.0\bin;C:\Program Files\Java\jdk-13\include;D:\gongzuotool\kotlin-native-master\dist\bin;%PYTHONHOME%;%PYTHONHOME%\Scripts;D:\gongzuotool\flutter\flutter\bin;D:\gongzuotool\Apache-Subversion-1.10.0\bin;D:\Program Files\mingw-w64\x86_64-8.1.0-posix-seh-rt_v6-rev0\mingw64\bin;E:\fanbianyi_xuexi;C:\Users\wz\go\bin;C:\Users\wz\AppData\Roaming\npm;C:\Users\wz\AppData\Local\Programs\Fiddler;C:\Users\wz\.konan\kotlin-native-windows-1.3.61\bin;D:\Program Files\Fiddler
USERNAME=abc
OS=Windows_NT
PROCESSOR_IDENTIFIER=Intel64 Family 6 Model 158 Stepping 9, GenuineIntel



---------------  S Y S T E M  ---------------

OS: Windows 10.0 , 64 bit Build 17763 (10.0.17763.475)

CPU:total 8 (initial active 8) (4 cores per cpu, 2 threads per core) family 6 model 158 stepping 9, cmov, cx8, fxsr, mmx, sse, sse2, sse3, ssse3, sse4.1, sse4.2, popcnt, avx, avx2, aes, clmul, erms, rtm, 3dnowpref, lzcnt, ht, tsc, tscinvbit, bmi1, bmi2, adx

Memory: 4k page, physical 16639564k(3599460k free), swap 17688140k(5180k free)

vm_info: OpenJDK 64-Bit Server VM (25.202-b03) for windows-amd64 JRE (1.8.0_202-release-1483-b03), built by "builder" with MS VC++ 10.0 (VS2010)

time: Tue Apr 14 14:07:56 2020
timezone: 中国标准时间
elapsed time: 9740 seconds (0d 2h 42m 20s)

